#
# There is insufficient memory for the Java Runtime Environment to continue.
# Native memory allocation (mmap) failed to map 132120576 bytes for G1 virtual space
# Possible reasons:
#   The system is out of physical RAM or swap space
#   The process is running with CompressedOops enabled, and the Java Heap may be blocking the growth of the native heap
# Possible solutions:
#   Reduce memory load on the system
#   Increase physical memory or swap space
#   Check if swap backing store is full
#   Decrease Java heap size (-Xmx/-Xms)
#   Decrease number of Java threads
#   Decrease Java thread stack sizes (-Xss)
#   Set larger code cache with -XX:ReservedCodeCacheSize=
#   JVM is running with Unscaled Compressed Oops mode in which the Java heap is
#     placed in the first 4GB address space. The Java Heap base address is the
#     maximum limit for the native heap growth. Please use -XX:HeapBaseMinAddress
#     to set the Java Heap base and to place the Java Heap above 4GB virtual address.
# This output file may be truncated or incomplete.
#
#  Out of Memory Error (os_windows.cpp:3829), pid=14492, tid=5960
#
# JRE version:  (17.0.8+7) (build )
# Java VM: OpenJDK 64-Bit Server VM (17.0.8+7-b1000.22, mixed mode, sharing, tiered, compressed oops, compressed class ptrs, g1 gc, windows-amd64)
# No core dump will be written. Minidumps are not enabled by default on client versions of Windows
#

---------------  S U M M A R Y ------------

Command Line: git4idea.http.GitAskPassApp Username for 'https://github.com': 

Host: Intel(R) Core(TM) i5-7200U CPU @ 2.50GHz, 4 cores, 7G,  Windows 10 , 64 bit Build 19041 (10.0.19041.3570)
Time: Mon Oct 23 03:30:22 2023  Windows 10 , 64 bit Build 19041 (10.0.19041.3570) elapsed time: 0.015921 seconds (0d 0h 0m 0s)

---------------  T H R E A D  ---------------

Current thread (0x0000023a791b8230):  JavaThread "Unknown thread" [_thread_in_vm, id=5960, stack(0x000000aea2700000,0x000000aea2800000)]

Stack: [0x000000aea2700000,0x000000aea2800000]
Native frames: (J=compiled Java code, j=interpreted, Vv=VM code, C=native code)
V  [jvm.dll+0x6852da]
V  [jvm.dll+0x844c84]
V  [jvm.dll+0x84659e]
V  [jvm.dll+0x846c03]
V  [jvm.dll+0x24b7cf]
V  [jvm.dll+0x682049]
V  [jvm.dll+0x67671a]
V  [jvm.dll+0x30be2b]
V  [jvm.dll+0x3132d6]
V  [jvm.dll+0x36302e]
V  [jvm.dll+0x36325f]
V  [jvm.dll+0x2e1f48]
V  [jvm.dll+0x2e2eb4]
V  [jvm.dll+0x815c11]
V  [jvm.dll+0x370df1]
V  [jvm.dll+0x7f4fdc]
V  [jvm.dll+0x3f3f1f]
V  [jvm.dll+0x3f5b31]
C  [jli.dll+0x528f]
C  [ucrtbase.dll+0x21bb2]
C  [KERNEL32.DLL+0x17344]
C  [ntdll.dll+0x526b1]


---------------  P R O C E S S  ---------------

Threads class SMR info:
_java_thread_list=0x00007ffe40f90098, length=0, elements={
}

Java Threads: ( => current thread )

Other Threads:
  0x0000023a79212860 GCTaskThread "GC Thread#0" [stack: 0x000000aea2800000,0x000000aea2900000] [id=14660]
  0x0000023a79224380 ConcurrentGCThread "G1 Main Marker" [stack: 0x000000aea2900000,0x000000aea2a00000] [id=3432]
  0x0000023a79227550 ConcurrentGCThread "G1 Conc#0" [stack: 0x000000aea2a00000,0x000000aea2b00000] [id=17052]

[error occurred during error reporting (printing all threads), id 0xc0000005, EXCEPTION_ACCESS_VIOLATION (0xc0000005) at pc=0x00007ffe40742ab7]

VM state: not at safepoint (not fully initialized)

VM Mutex/Monitor currently owned by a thread:  ([mutex/lock_event])
[0x0000023a791b38f0] Heap_lock - owner thread: 0x0000023a791b8230

Heap address: 0x0000000082200000, size: 2014 MB, Compressed Oops mode: 32-bit

CDS archive(s) mapped at: [0x0000000000000000-0x0000000000000000-0x0000000000000000), size 0, SharedBaseAddress: 0x0000000800000000, ArchiveRelocationMode: 1.
Narrow klass base: 0x0000000000000000, Narrow klass shift: 0, Narrow klass range: 0x0

GC Precious Log:
<Empty>

Heap:
 garbage-first heap   total 0K, used 0K [0x0000000082200000, 0x0000000100000000)
  region size 1024K, 0 young (0K), 0 survivors (0K)
 Metaspace       used 0K, committed 0K, reserved 0K
  class space    used 0K, committed 0K, reserved 0K

Heap Regions: E=young(eden), S=young(survivor), O=old, HS=humongous(starts), HC=humongous(continues), CS=collection set, F=free, OA=open archive, CA=closed archive, TAMS=top-at-mark-start (previous, next)

Card table byte_map: [0x0000023a7eb30000,0x0000023a7ef20000] _byte_map_base: 0x0000023a7e71f000

Marking Bits (Prev, Next): (CMBitMap*) 0x0000023a79213e90, (CMBitMap*) 0x0000023a79213ed0
 Prev Bits: [0x0000023a0f000000, 0x0000023a10f78000)
 Next Bits: [0x0000023a10f80000, 0x0000023a12ef8000)

GC Heap History (0 events):
No events

Dll operation events (1 events):
Event: 0.008 Loaded shared library C:\springBootStudy\pg\IntelliJ IDEA Community Edition 2023.2.2\jbr\bin\java.dll

Deoptimization events (0 events):
No events

Classes unloaded (0 events):
No events

Classes redefined (0 events):
No events

Internal exceptions (0 events):
No events

VM Operations (0 events):
No events

Events (0 events):
No events


Dynamic libraries:
0x00007ff756390000 - 0x00007ff75639a000 	C:\springBootStudy\pg\IntelliJ IDEA Community Edition 2023.2.2\jbr\bin\java.exe
0x00007ffe8e6b0000 - 0x00007ffe8e8a7000 	C:\WINDOWS\SYSTEM32\ntdll.dll
0x00007ffe8e510000 - 0x00007ffe8e5cd000 	C:\WINDOWS\System32\KERNEL32.DLL
0x00007ffe8c410000 - 0x00007ffe8c706000 	C:\WINDOWS\System32\KERNELBASE.dll
0x00007ffe8c280000 - 0x00007ffe8c380000 	C:\WINDOWS\System32\ucrtbase.dll
0x00007ffe6c000000 - 0x00007ffe6c01b000 	C:\springBootStudy\pg\IntelliJ IDEA Community Edition 2023.2.2\jbr\bin\VCRUNTIME140.dll
0x00007ffe7a160000 - 0x00007ffe7a177000 	C:\springBootStudy\pg\IntelliJ IDEA Community Edition 2023.2.2\jbr\bin\jli.dll
0x00007ffe8d270000 - 0x00007ffe8d40e000 	C:\WINDOWS\System32\USER32.dll
0x00007ffe8bde0000 - 0x00007ffe8be02000 	C:\WINDOWS\System32\win32u.dll
0x00007ffe7a240000 - 0x00007ffe7a4da000 	C:\WINDOWS\WinSxS\amd64_microsoft.windows.common-controls_6595b64144ccf1df_6.0.19041.3570_none_60bb2a3971f3e41a\COMCTL32.dll
0x00007ffe8d410000 - 0x00007ffe8d43c000 	C:\WINDOWS\System32\GDI32.dll
0x00007ffe8e1e0000 - 0x00007ffe8e27e000 	C:\WINDOWS\System32\msvcrt.dll
0x00007ffe8c0f0000 - 0x00007ffe8c20a000 	C:\WINDOWS\System32\gdi32full.dll
0x00007ffe8c020000 - 0x00007ffe8c0bd000 	C:\WINDOWS\System32\msvcp_win.dll
0x00007ffe8d240000 - 0x00007ffe8d270000 	C:\WINDOWS\System32\IMM32.DLL
0x00007ffe84420000 - 0x00007ffe8442c000 	C:\springBootStudy\pg\IntelliJ IDEA Community Edition 2023.2.2\jbr\bin\vcruntime140_1.dll
0x00007ffe635f0000 - 0x00007ffe6367d000 	C:\springBootStudy\pg\IntelliJ IDEA Community Edition 2023.2.2\jbr\bin\msvcp140.dll
0x00007ffe40450000 - 0x00007ffe410d3000 	C:\springBootStudy\pg\IntelliJ IDEA Community Edition 2023.2.2\jbr\bin\server\jvm.dll
0x00007ffe8ded0000 - 0x00007ffe8df7e000 	C:\WINDOWS\System32\ADVAPI32.dll
0x00007ffe8e5d0000 - 0x00007ffe8e66c000 	C:\WINDOWS\System32\sechost.dll
0x00007ffe8e3e0000 - 0x00007ffe8e506000 	C:\WINDOWS\System32\RPCRT4.dll
0x00007ffe8bbf0000 - 0x00007ffe8bc3b000 	C:\WINDOWS\SYSTEM32\POWRPROF.dll
0x00007ffe80210000 - 0x00007ffe80219000 	C:\WINDOWS\SYSTEM32\WSOCK32.dll
0x00007ffe8d0e0000 - 0x00007ffe8d14b000 	C:\WINDOWS\System32\WS2_32.dll
0x00007ffe82140000 - 0x00007ffe82167000 	C:\WINDOWS\SYSTEM32\WINMM.dll
0x00007ffe7fc70000 - 0x00007ffe7fc7a000 	C:\WINDOWS\SYSTEM32\VERSION.dll
0x00007ffe8bbd0000 - 0x00007ffe8bbe2000 	C:\WINDOWS\SYSTEM32\UMPDC.dll
0x00007ffe8a610000 - 0x00007ffe8a622000 	C:\WINDOWS\SYSTEM32\kernel.appcore.dll
0x00007ffe86210000 - 0x00007ffe8621a000 	C:\springBootStudy\pg\IntelliJ IDEA Community Edition 2023.2.2\jbr\bin\jimage.dll
0x00007ffe89ae0000 - 0x00007ffe89cc4000 	C:\WINDOWS\SYSTEM32\DBGHELP.DLL
0x00007ffe83cb0000 - 0x00007ffe83ce4000 	C:\WINDOWS\SYSTEM32\dbgcore.DLL
0x00007ffe8c380000 - 0x00007ffe8c402000 	C:\WINDOWS\System32\bcryptPrimitives.dll
0x00007ffe82f50000 - 0x00007ffe82f75000 	C:\springBootStudy\pg\IntelliJ IDEA Community Edition 2023.2.2\jbr\bin\java.dll

dbghelp: loaded successfully - version: 4.0.5 - missing functions: none
symbol engine: initialized successfully - sym options: 0x614 - pdb path: .;C:\springBootStudy\pg\IntelliJ IDEA Community Edition 2023.2.2\jbr\bin;C:\WINDOWS\SYSTEM32;C:\WINDOWS\WinSxS\amd64_microsoft.windows.common-controls_6595b64144ccf1df_6.0.19041.3570_none_60bb2a3971f3e41a;C:\springBootStudy\pg\IntelliJ IDEA Community Edition 2023.2.2\jbr\bin\server

VM Arguments:
java_command: git4idea.http.GitAskPassApp Username for 'https://github.com': 
java_class_path (initial): C:/springBootStudy/pg/IntelliJ IDEA Community Edition 2023.2.2/plugins/vcs-git/lib/git4idea-rt.jar;C:/springBootStudy/pg/IntelliJ IDEA Community Edition 2023.2.2/lib/externalProcess-rt.jar
Launcher Type: SUN_STANDARD

[Global flags]
     intx CICompilerCount                          = 3                                         {product} {ergonomic}
     uint ConcGCThreads                            = 1                                         {product} {ergonomic}
     uint G1ConcRefinementThreads                  = 4                                         {product} {ergonomic}
   size_t G1HeapRegionSize                         = 1048576                                   {product} {ergonomic}
    uintx GCDrainStackTargetSize                   = 64                                        {product} {ergonomic}
   size_t InitialHeapSize                          = 132120576                                 {product} {ergonomic}
   size_t MarkStackSize                            = 4194304                                   {product} {ergonomic}
   size_t MaxHeapSize                              = 2111832064                                {product} {ergonomic}
   size_t MinHeapDeltaBytes                        = 1048576                                   {product} {ergonomic}
   size_t MinHeapSize                              = 8388608                                   {product} {ergonomic}
    uintx NonNMethodCodeHeapSize                   = 5832780                                {pd product} {ergonomic}
    uintx NonProfiledCodeHeapSize                  = 122912730                              {pd product} {ergonomic}
    uintx ProfiledCodeHeapSize                     = 122912730                              {pd product} {ergonomic}
    uintx ReservedCodeCacheSize                    = 251658240                              {pd product} {ergonomic}
     bool SegmentedCodeCache                       = true                                      {product} {ergonomic}
   size_t SoftMaxHeapSize                          = 2111832064                             {manageable} {ergonomic}
     bool UseCompressedClassPointers               = true                           {product lp64_product} {ergonomic}
     bool UseCompressedOops                        = true                           {product lp64_product} {ergonomic}
     bool UseG1GC                                  = true                                      {product} {ergonomic}
     bool UseLargePagesIndividualAllocation        = false                                  {pd product} {ergonomic}

Logging:
Log output configuration:
 #0: stdout all=warning uptime,level,tags
 #1: stderr all=off uptime,level,tags

Environment Variables:
JAVA_HOME=C:\Program Files\Java\jdk-1.8
PATH=C:\Program Files\Git\mingw64\libexec\git-core;C:\Program Files\Git\mingw64\libexec\git-core;C:\Program Files\Git\mingw64\bin;C:\Program Files\Git\usr\bin;C:\Users\puppy\bin;C:\Program Files\Common Files\Oracle\Java\javapath;C:\Program Files\Java\jdk-1.8\bin;C:\Program Files (x86)\Common Files\Oracle\Java\javapath;C:\WINDOWS\system32;C:\WINDOWS;C:\WINDOWS\System32\Wbem;C:\WINDOWS\System32\WindowsPowerShell\v1.0;C:\WINDOWS\System32\OpenSSH;C:\Program Files\Git\cmd;C:\Program Files\Java\script;C:\Users\puppy\AppData\Local\Microsoft\WindowsApps;C:\springBootStudy\pg\IntelliJ IDEA Community Edition 2023.2.2\bin
USERNAME=¿Ã√§¿∫
DISPLAY=:0.0
LC_ALL=en_US.UTF-8
TERM=xterm-256color
TMPDIR=C:\Users\puppy\AppData\Local\Temp
OS=Windows_NT
PROCESSOR_IDENTIFIER=Intel64 Family 6 Model 142 Stepping 9, GenuineIntel
TMP=C:\Users\puppy\AppData\Local\Temp
TEMP=C:\Users\puppy\AppData\Local\Temp


JNI global refs:
JNI global refs: 0, weak refs: 0

JNI global refs memory usage: 0, weak refs: 0

OOME stack traces (most recent first):
Classloader memory used:


---------------  S Y S T E M  ---------------

OS:
 Windows 10 , 64 bit Build 19041 (10.0.19041.3570)
OS uptime: 10 days 19:16 hours

CPU: total 4 (initial active 4) (2 cores per cpu, 2 threads per core) family 6 model 142 stepping 9 microcode 0xb4, cx8, cmov, fxsr, ht, mmx, 3dnowpref, sse, sse2, sse3, ssse3, sse4.1, sse4.2, popcnt, lzcnt, tsc, tscinvbit, avx, avx2, aes, erms, clmul, bmi1, bmi2, adx, fma, vzeroupper, clflush, clflushopt
Processor Information for all 4 processors :
  Max Mhz: 2712, Current Mhz: 2511, Mhz Limit: 2495

Memory: 4k page, system-wide physical 8051M (1074M free)
TotalPageFile size 32620M (AvailPageFile size 64M)
current process WorkingSet (physical memory assigned to process): 10M, peak: 10M
current process commit charge ("private bytes"): 51M, peak: 177M

vm_info: OpenJDK 64-Bit Server VM (17.0.8+7-b1000.22) for windows-amd64 JRE (17.0.8+7-b1000.22), built on 2023-09-02 by "builduser" with MS VC++ 16.10 / 16.11 (VS2019)

END.
